[20:00:45] [main/INFO] (FabricLoader/GameProvider) Loading Minecraft 1.8.9 with Fabric Loader 0.12.12
[20:00:45] [main/DEBUG] (FabricLoader/GameRemap) Requesting deobfuscation of {client=C:\Users\asadd\Desktop\WorldPreview\.gradle\loom-cache\1.8.9-projectmapped-net.fabricmc.yarn-1.8.9+build.202201302314-v2\minecraft-1.8.9-projectmapped-net.fabricmc.yarn-1.8.9+build.202201302314-v2.jar}
[20:00:45] [main/DEBUG] (FabricLoader/GamePatch) Found game constructor: net.minecraft.client.main.Main -> net.minecraft.client.MinecraftClient
[20:00:45] [main/DEBUG] (FabricLoader/GamePatch) Patching game constructor initializeGame()V
[20:00:45] [main/DEBUG] (FabricLoader/GamePatch) Run directory field is thought to be net/minecraft/client/MinecraftClient/runDirectory
[20:00:45] [main/DEBUG] (FabricLoader/GamePatch) Applying brand name hook to net/minecraft/client/ClientBrandRetriever::getClientModName
[20:00:45] [main/DEBUG] (FabricLoader/GamePatch) Applying brand name hook to net/minecraft/server/MinecraftServer::getServerModName
[20:00:45] [main/DEBUG] (FabricLoader/GamePatch) Patched 3 classs
[20:00:45] [main/DEBUG] (FabricLoader/Discovery) Mod discovery time: 10.6 ms
[20:00:45] [main/DEBUG] (FabricLoader/Resolution) Mod resolution time: 27.2 ms
[20:00:45] [main/INFO] (FabricLoader) Loading 4 mods:
	- fabricloader 0.12.12
	- java 17
	- minecraft 1.8.9
	- worldpreview 1.0.0
[20:00:45] [main/DEBUG] (FabricLoader/Knot) Adding C:\Users\asadd\Desktop\WorldPreview\build\resources\main to classpath.
[20:00:45] [main/DEBUG] (FabricLoader/Knot) Adding C:\Users\asadd\Desktop\WorldPreview\build\classes\java\main to classpath.
[20:00:45] [main/DEBUG] (FabricLoader/Entrypoint) Registering new-style initializer me.voidxwalker.worldpreview.WorldPreview for mod worldpreview (key client)
[20:00:45] [main/DEBUG] (FabricLoader/Mappings) Loading mappings took 54 ms
[20:00:45] [main/DEBUG] (FabricLoader/Mixin) Mixin bootstrap service org.spongepowered.asm.service.mojang.MixinServiceLaunchWrapperBootstrap is not available: LaunchWrapper is not available
[20:00:45] [main/DEBUG] (FabricLoader/Mixin) Mixin bootstrap service org.spongepowered.asm.service.modlauncher.MixinServiceModLauncherBootstrap is not available: ModLauncher is not available
[20:00:45] [main/DEBUG] (FabricLoader/Mixin) MixinService [Knot/Fabric] was successfully booted in jdk.internal.loader.ClassLoaders$AppClassLoader@1d44bcfa
[20:00:45] [main/INFO] (FabricLoader/Mixin) SpongePowered MIXIN Subsystem Version=0.8.4 Source=file:/C:/Users/asadd/.gradle/caches/modules-2/files-2.1/net.fabricmc/sponge-mixin/0.10.7+mixin.0.8.4/7a4ca9d54d9ae564dea0363d668036a8420ed9b8/sponge-mixin-0.10.7+mixin.0.8.4.jar Service=Knot/Fabric Env=CLIENT
[20:00:45] [main/DEBUG] (FabricLoader/Mixin) Error cleaning class output directory: .mixin.out
[20:00:45] [main/DEBUG] (FabricLoader/Mixin) Initialising Mixin Platform Manager
[20:00:45] [main/DEBUG] (FabricLoader/Mixin) Adding mixin platform agents for container ContainerHandleURI(file:/C:/Users/asadd/Desktop/WorldPreview/.gradle/loom-cache/remapped_mods/net_fabricmc_yarn_1_8_9_1_8_9_build_202201302314_v2/net/fabricmc/fabric-loader/0.12.12/fabric-loader-0.12.12.jar)
[20:00:45] [main/DEBUG] (FabricLoader/Mixin) Instancing new MixinPlatformAgentDefault for ContainerHandleURI(file:/C:/Users/asadd/Desktop/WorldPreview/.gradle/loom-cache/remapped_mods/net_fabricmc_yarn_1_8_9_1_8_9_build_202201302314_v2/net/fabricmc/fabric-loader/0.12.12/fabric-loader-0.12.12.jar)
[20:00:45] [main/DEBUG] (FabricLoader/Mixin) MixinPlatformAgentDefault accepted container ContainerHandleURI(file:/C:/Users/asadd/Desktop/WorldPreview/.gradle/loom-cache/remapped_mods/net_fabricmc_yarn_1_8_9_1_8_9_build_202201302314_v2/net/fabricmc/fabric-loader/0.12.12/fabric-loader-0.12.12.jar)
[20:00:45] [main/DEBUG] (FabricLoader/Mixin) Instancing new MixinPlatformAgentDefault for ContainerHandleURI(file:/C:/Users/asadd/Desktop/WorldPreview/.gradle/loom-cache/remapped_mods/net_fabricmc_yarn_1_8_9_1_8_9_build_202201302314_v2/net/fabricmc/fabric-loader/0.12.12/fabric-loader-0.12.12.jar)
[20:00:45] [main/DEBUG] (FabricLoader/Mixin) MixinPlatformAgentDefault accepted container ContainerHandleURI(file:/C:/Users/asadd/Desktop/WorldPreview/.gradle/loom-cache/remapped_mods/net_fabricmc_yarn_1_8_9_1_8_9_build_202201302314_v2/net/fabricmc/fabric-loader/0.12.12/fabric-loader-0.12.12.jar)
[20:00:45] [main/DEBUG] (FabricLoader/Mixin) Processing prepare() for PlatformAgent[MixinPlatformAgentDefault:ContainerHandleURI(file:/C:/Users/asadd/Desktop/WorldPreview/.gradle/loom-cache/remapped_mods/net_fabricmc_yarn_1_8_9_1_8_9_build_202201302314_v2/net/fabricmc/fabric-loader/0.12.12/fabric-loader-0.12.12.jar)]
[20:00:45] [main/DEBUG] (FabricLoader/Mixin) Processing prepare() for PlatformAgent[MixinPlatformAgentDefault:ContainerHandleURI(file:/C:/Users/asadd/Desktop/WorldPreview/.gradle/loom-cache/remapped_mods/net_fabricmc_yarn_1_8_9_1_8_9_build_202201302314_v2/net/fabricmc/fabric-loader/0.12.12/fabric-loader-0.12.12.jar)]
[20:00:45] [main/INFO] (FabricLoader/Mixin) Loaded Fabric development mappings for mixin remapper!
[20:00:45] [main/DEBUG] (FabricLoader/Knot) Adding C:\Users\asadd\Desktop\WorldPreview\.gradle\loom-cache\1.8.9-projectmapped-net.fabricmc.yarn-1.8.9+build.202201302314-v2\minecraft-1.8.9-projectmapped-net.fabricmc.yarn-1.8.9+build.202201302314-v2.jar to classpath.
[20:00:45] [main/DEBUG] (FabricLoader/Entrypoint) No subscribers for entrypoint 'preLaunch'
[20:00:45] [main/DEBUG] (FabricLoader/Mixin) Preparing mixins for MixinEnvironment[DEFAULT]
[20:00:45] [main/DEBUG] (FabricLoader/Mixin) Selecting config worldpreview.mixins.json
[20:00:45] [main/DEBUG] (FabricLoader/Mixin) Preparing worldpreview.mixins.json (8)
[20:00:45] [main/DEBUG] (FabricLoader/Mixin) Registering new injector for @Inject with org.spongepowered.asm.mixin.injection.struct.CallbackInjectionInfo
[20:00:45] [main/DEBUG] (FabricLoader/Mixin) Registering new injector for @ModifyArg with org.spongepowered.asm.mixin.injection.struct.ModifyArgInjectionInfo
[20:00:45] [main/DEBUG] (FabricLoader/Mixin) Registering new injector for @ModifyArgs with org.spongepowered.asm.mixin.injection.struct.ModifyArgsInjectionInfo
[20:00:45] [main/DEBUG] (FabricLoader/Mixin) Registering new injector for @Redirect with org.spongepowered.asm.mixin.injection.struct.RedirectInjectionInfo
[20:00:45] [main/DEBUG] (FabricLoader/Mixin) Registering new injector for @ModifyVariable with org.spongepowered.asm.mixin.injection.struct.ModifyVariableInjectionInfo
[20:00:45] [main/DEBUG] (FabricLoader/Mixin) Registering new injector for @ModifyConstant with org.spongepowered.asm.mixin.injection.struct.ModifyConstantInjectionInfo
[20:00:45] [main/DEBUG] (FabricLoader/Mixin) Mixing client.MinecraftClientMixin from worldpreview.mixins.json into net.minecraft.client.MinecraftClient
[20:00:45] [main/DEBUG] (FabricLoader/Mixin) Mixing server.MinecraftServerMixin from worldpreview.mixins.json into net.minecraft.server.MinecraftServer
[20:00:46] [main/DEBUG] (FabricLoader/Mixin) worldpreview.mixins.json:server.MinecraftServerMixin->@Inject::worldpreview_getWorld(Lorg/spongepowered/asm/mixin/injection/callback/CallbackInfo;)V from mod worldpreview doesn't use it's CallbackInfo
[20:00:46] [main/DEBUG] (FabricLoader/Mixin) worldpreview.mixins.json:server.MinecraftServerMixin->@Inject::worldpreview_getWorld(Lorg/spongepowered/asm/mixin/injection/callback/CallbackInfo;)V from mod worldpreview has 0 override(s) in child classes
[20:00:46] [main/DEBUG] (FabricLoader/Mixin) worldpreview.mixins.json:server.MinecraftServerMixin->@Inject::worldpreview_getWorld(Lorg/spongepowered/asm/mixin/injection/callback/CallbackInfo;)V from mod worldpreview won't be passed a CallbackInfo as a result
[20:00:46] [main/DEBUG] (FabricLoader/Mixin) worldpreview.mixins.json:server.MinecraftServerMixin->@Inject::kill(Lorg/spongepowered/asm/mixin/injection/callback/CallbackInfo;)V from mod worldpreview does use it's CallbackInfo
[20:00:46] [main/DEBUG] (FabricLoader/Mixin) worldpreview.mixins.json:server.MinecraftServerMixin->@Inject::kill2(Lorg/spongepowered/asm/mixin/injection/callback/CallbackInfo;)V from mod worldpreview does use it's CallbackInfo
[20:00:46] [main/INFO] (net.minecraft.client.MinecraftClient) Setting user: Player534
[20:00:46] [main/INFO] (net.minecraft.client.MinecraftClient) (Session ID is token:FabricMC:Player534)
[20:00:46] [main/DEBUG] (FabricLoader/Mixin) Mixing client.GameOptionsMixin from worldpreview.mixins.json into net.minecraft.client.options.GameOptions
[20:00:46] [main/DEBUG] (FabricLoader/Mixin) worldpreview.mixins.json:client.GameOptionsMixin->@Inject::loadHook(Lorg/spongepowered/asm/mixin/injection/callback/CallbackInfo;)V from mod worldpreview doesn't use it's CallbackInfo
[20:00:46] [main/DEBUG] (FabricLoader/Mixin) worldpreview.mixins.json:client.GameOptionsMixin->@Inject::loadHook(Lorg/spongepowered/asm/mixin/injection/callback/CallbackInfo;)V from mod worldpreview has 0 override(s) in child classes
[20:00:46] [main/DEBUG] (FabricLoader/Mixin) worldpreview.mixins.json:client.GameOptionsMixin->@Inject::loadHook(Lorg/spongepowered/asm/mixin/injection/callback/CallbackInfo;)V from mod worldpreview won't be passed a CallbackInfo as a result
[20:00:46] [main/DEBUG] (FabricLoader/Entrypoint) No subscribers for entrypoint 'main'
[20:00:46] [main/DEBUG] (FabricLoader/Entrypoint) Iterating over entrypoint 'client'
[20:00:46] [main/INFO] (net.minecraft.client.MinecraftClient) LWJGL Version: 2.9.4
[20:00:47] [main/INFO] (net.minecraft.resource.ReloadableResourceManagerImpl) Reloading ResourceManager: Default
[20:00:47] [main/ERROR] (net.minecraft.client.MinecraftClient) Couldn't initialize twitch stream
[20:00:47] [Sound Library Loader/INFO] (net.minecraft.client.sound.SoundSystem) Starting up SoundSystem...
[20:00:47] [Thread-4/INFO] (net.minecraft.client.sound.SoundSystem) Initializing LWJGL OpenAL
[20:00:47] [Thread-4/INFO] (net.minecraft.client.sound.SoundSystem) (The LWJGL binding of OpenAL.  For more information, see http://www.lwjgl.org)
[20:00:47] [Thread-4/INFO] (net.minecraft.client.sound.SoundSystem) OpenAL initialized.
[20:00:48] [Sound Library Loader/INFO] (net.minecraft.client.sound.SoundSystem) Sound engine started
[20:00:48] [main/INFO] (net.minecraft.client.texture.SpriteAtlasTexture) Created: 512x512 textures-atlas
[20:00:48] [main/DEBUG] (FabricLoader/Mixin) Mixing access.WorldRendererMixin from worldpreview.mixins.json into net.minecraft.client.render.WorldRenderer
[20:00:48] [main/DEBUG] (FabricLoader/Mixin) Mixing client.render.WorldRendererMixin from worldpreview.mixins.json into net.minecraft.client.render.WorldRenderer
[20:00:48] [main/DEBUG] (FabricLoader/Mixin) Mixing server.ServerPlayerEntityMixin from worldpreview.mixins.json into net.minecraft.server.network.ServerPlayerEntity
[20:00:48] [main/ERROR] (net.minecraft.realms.RealmsBridge) Realms module missing
java.lang.NoSuchMethodException: com.mojang.realmsclient.gui.screens.RealmsNotificationsScreen.<init>(net.minecraft.realms.RealmsScreen)
	at java.lang.Class.getConstructor0(Class.java:3585) ~[?:?]
	at java.lang.Class.getDeclaredConstructor(Class.java:2754) ~[?:?]
	at net.minecraft.realms.RealmsBridge.getNotificationScreen(RealmsBridge.java:36) [minecraft-1.8.9-projectmapped-net.fabricmc.yarn-1.8.9+build.202201302314-v2.jar:?]
	at net.minecraft.client.gui.screen.TitleScreen.init(TitleScreen.java:174) [minecraft-1.8.9-projectmapped-net.fabricmc.yarn-1.8.9+build.202201302314-v2.jar:?]
	at net.minecraft.client.gui.screen.Screen.init(Screen.java:380) [minecraft-1.8.9-projectmapped-net.fabricmc.yarn-1.8.9+build.202201302314-v2.jar:?]
	at net.minecraft.client.MinecraftClient.openScreen(MinecraftClient.java:803) [minecraft-1.8.9-projectmapped-net.fabricmc.yarn-1.8.9+build.202201302314-v2.jar:?]
	at net.minecraft.client.MinecraftClient.initializeGame(MinecraftClient.java:457) [minecraft-1.8.9-projectmapped-net.fabricmc.yarn-1.8.9+build.202201302314-v2.jar:?]
	at net.minecraft.client.MinecraftClient.run(MinecraftClient.java:323) [minecraft-1.8.9-projectmapped-net.fabricmc.yarn-1.8.9+build.202201302314-v2.jar:?]
	at net.minecraft.client.main.Main.main(Main.java:101) [minecraft-1.8.9-projectmapped-net.fabricmc.yarn-1.8.9+build.202201302314-v2.jar:?]
	at jdk.internal.reflect.NativeMethodAccessorImpl.invoke0(Native Method) ~[?:?]
	at jdk.internal.reflect.NativeMethodAccessorImpl.invoke(NativeMethodAccessorImpl.java:77) ~[?:?]
	at jdk.internal.reflect.DelegatingMethodAccessorImpl.invoke(DelegatingMethodAccessorImpl.java:43) ~[?:?]
	at java.lang.reflect.Method.invoke(Method.java:568) ~[?:?]
	at net.fabricmc.loader.impl.game.minecraft.MinecraftGameProvider.launch(MinecraftGameProvider.java:608) [fabric-loader-0.12.12.jar:?]
	at net.fabricmc.loader.impl.launch.knot.Knot.launch(Knot.java:77) [fabric-loader-0.12.12.jar:?]
	at net.fabricmc.loader.impl.launch.knot.KnotClient.main(KnotClient.java:23) [fabric-loader-0.12.12.jar:?]
	at net.fabricmc.devlaunchinjector.Main.main(Main.java:86) [dev-launch-injector-0.2.1+build.8.jar:?]
[20:00:48] [main/DEBUG] (FabricLoader/Mixin) Mixing client.render.LoadingScreenRendererMixin from worldpreview.mixins.json into net.minecraft.client.render.LoadingScreenRenderer
[20:00:50] [main/INFO] (net.minecraft.client.MinecraftClient) Stopping!
[20:00:50] [main/INFO] (net.minecraft.client.sound.SoundSystem) SoundSystem shutting down...
[20:00:50] [main/WARN] (net.minecraft.client.sound.SoundSystem) Author: Paul Lamb, www.paulscode.com
