[17:26:33] [main/INFO] (FabricLoader/GameProvider) Loading Minecraft 1.8.9 with Fabric Loader 0.12.12
[17:26:33] [main/INFO] (FabricLoader) Loading 4 mods:
	- fabricloader 0.12.12
	- java 17
	- minecraft 1.8.9
	- worldpreview 1.0.0
[17:26:33] [main/INFO] (FabricLoader/Mixin) SpongePowered MIXIN Subsystem Version=0.8.4 Source=file:/C:/Users/asadd/.gradle/caches/modules-2/files-2.1/net.fabricmc/sponge-mixin/0.10.7+mixin.0.8.4/7a4ca9d54d9ae564dea0363d668036a8420ed9b8/sponge-mixin-0.10.7+mixin.0.8.4.jar Service=Knot/Fabric Env=CLIENT
[17:26:33] [main/INFO] (FabricLoader/Mixin) Loaded Fabric development mappings for mixin remapper!
[17:26:34] [main/INFO] (Minecraft) Setting user: Player83
[17:26:34] [main/INFO] (Minecraft) (Session ID is token:FabricMC:Player83)
[17:26:35] [main/INFO] (Minecraft) LWJGL Version: 2.9.4
[17:26:35] [main/INFO] (Minecraft) Reloading ResourceManager: Default
[17:26:35] [main/ERROR] (Minecraft) Couldn't initialize twitch stream
[17:26:35] [Sound Library Loader/INFO] (Minecraft) Starting up SoundSystem...
[17:26:35] [Thread-4/INFO] (Minecraft) Initializing LWJGL OpenAL
[17:26:35] [Thread-4/INFO] (Minecraft) (The LWJGL binding of OpenAL.  For more information, see http://www.lwjgl.org)
[17:26:35] [Thread-4/INFO] (Minecraft) OpenAL initialized.
[17:26:36] [Sound Library Loader/INFO] (Minecraft) Sound engine started
[17:26:36] [main/INFO] (Minecraft) Created: 512x512 textures-atlas
[17:26:36] [main/ERROR] (Minecraft) Realms module missing
java.lang.NoSuchMethodException: com.mojang.realmsclient.gui.screens.RealmsNotificationsScreen.<init>(net.minecraft.realms.RealmsScreen)
	at java.lang.Class.getConstructor0(Class.java:3585) ~[?:?]
	at java.lang.Class.getDeclaredConstructor(Class.java:2754) ~[?:?]
	at net.minecraft.realms.RealmsBridge.getNotificationScreen(RealmsBridge.java:36) [minecraft-1.8.9-projectmapped-net.fabricmc.yarn-1.8.9+build.202201302314-v2.jar:?]
	at net.minecraft.client.gui.screen.TitleScreen.init(TitleScreen.java:174) [minecraft-1.8.9-projectmapped-net.fabricmc.yarn-1.8.9+build.202201302314-v2.jar:?]
	at net.minecraft.client.gui.screen.Screen.init(Screen.java:380) [minecraft-1.8.9-projectmapped-net.fabricmc.yarn-1.8.9+build.202201302314-v2.jar:?]
	at net.minecraft.client.MinecraftClient.openScreen(MinecraftClient.java:803) [minecraft-1.8.9-projectmapped-net.fabricmc.yarn-1.8.9+build.202201302314-v2.jar:?]
	at net.minecraft.client.MinecraftClient.initializeGame(MinecraftClient.java:457) [minecraft-1.8.9-projectmapped-net.fabricmc.yarn-1.8.9+build.202201302314-v2.jar:?]
	at net.minecraft.client.MinecraftClient.run(MinecraftClient.java:323) [minecraft-1.8.9-projectmapped-net.fabricmc.yarn-1.8.9+build.202201302314-v2.jar:?]
	at net.minecraft.client.main.Main.main(Main.java:101) [minecraft-1.8.9-projectmapped-net.fabricmc.yarn-1.8.9+build.202201302314-v2.jar:?]
	at jdk.internal.reflect.NativeMethodAccessorImpl.invoke0(Native Method) ~[?:?]
	at jdk.internal.reflect.NativeMethodAccessorImpl.invoke(NativeMethodAccessorImpl.java:77) ~[?:?]
	at jdk.internal.reflect.DelegatingMethodAccessorImpl.invoke(DelegatingMethodAccessorImpl.java:43) ~[?:?]
	at java.lang.reflect.Method.invoke(Method.java:568) ~[?:?]
	at net.fabricmc.loader.impl.game.minecraft.MinecraftGameProvider.launch(MinecraftGameProvider.java:608) [fabric-loader-0.12.12.jar:?]
	at net.fabricmc.loader.impl.launch.knot.Knot.launch(Knot.java:77) [fabric-loader-0.12.12.jar:?]
	at net.fabricmc.loader.impl.launch.knot.KnotClient.main(KnotClient.java:23) [fabric-loader-0.12.12.jar:?]
	at net.fabricmc.devlaunchinjector.Main.main(Main.java:86) [dev-launch-injector-0.2.1+build.8.jar:?]
[17:26:38] [main/ERROR] (Minecraft) Realms module missing
java.lang.NoSuchMethodException: com.mojang.realmsclient.gui.screens.RealmsNotificationsScreen.<init>(net.minecraft.realms.RealmsScreen)
	at java.lang.Class.getConstructor0(Class.java:3585) ~[?:?]
	at java.lang.Class.getDeclaredConstructor(Class.java:2754) ~[?:?]
	at net.minecraft.realms.RealmsBridge.getNotificationScreen(RealmsBridge.java:36) [minecraft-1.8.9-projectmapped-net.fabricmc.yarn-1.8.9+build.202201302314-v2.jar:?]
	at net.minecraft.client.gui.screen.TitleScreen.init(TitleScreen.java:174) [minecraft-1.8.9-projectmapped-net.fabricmc.yarn-1.8.9+build.202201302314-v2.jar:?]
	at net.minecraft.client.gui.screen.Screen.init(Screen.java:380) [minecraft-1.8.9-projectmapped-net.fabricmc.yarn-1.8.9+build.202201302314-v2.jar:?]
	at net.minecraft.client.MinecraftClient.openScreen(MinecraftClient.java:803) [minecraft-1.8.9-projectmapped-net.fabricmc.yarn-1.8.9+build.202201302314-v2.jar:?]
	at net.minecraft.client.gui.screen.world.CreateWorldScreen.buttonClicked(CreateWorldScreen.java:175) [minecraft-1.8.9-projectmapped-net.fabricmc.yarn-1.8.9+build.202201302314-v2.jar:?]
	at net.minecraft.client.gui.screen.Screen.mouseClicked(Screen.java:352) [minecraft-1.8.9-projectmapped-net.fabricmc.yarn-1.8.9+build.202201302314-v2.jar:?]
	at net.minecraft.client.gui.screen.world.CreateWorldScreen.mouseClicked(CreateWorldScreen.java:351) [minecraft-1.8.9-projectmapped-net.fabricmc.yarn-1.8.9+build.202201302314-v2.jar:?]
	at net.minecraft.client.gui.screen.Screen.handleMouse(Screen.java:417) [minecraft-1.8.9-projectmapped-net.fabricmc.yarn-1.8.9+build.202201302314-v2.jar:?]
	at net.minecraft.client.gui.screen.Screen.handleInput(Screen.java:394) [minecraft-1.8.9-projectmapped-net.fabricmc.yarn-1.8.9+build.202201302314-v2.jar:?]
	at net.minecraft.client.MinecraftClient.tick(MinecraftClient.java:1376) [minecraft-1.8.9-projectmapped-net.fabricmc.yarn-1.8.9+build.202201302314-v2.jar:?]
	at net.minecraft.client.MinecraftClient.runGameLoop(MinecraftClient.java:874) [minecraft-1.8.9-projectmapped-net.fabricmc.yarn-1.8.9+build.202201302314-v2.jar:?]
	at net.minecraft.client.MinecraftClient.run(MinecraftClient.java:336) [minecraft-1.8.9-projectmapped-net.fabricmc.yarn-1.8.9+build.202201302314-v2.jar:?]
	at net.minecraft.client.main.Main.main(Main.java:101) [minecraft-1.8.9-projectmapped-net.fabricmc.yarn-1.8.9+build.202201302314-v2.jar:?]
	at jdk.internal.reflect.NativeMethodAccessorImpl.invoke0(Native Method) ~[?:?]
	at jdk.internal.reflect.NativeMethodAccessorImpl.invoke(NativeMethodAccessorImpl.java:77) ~[?:?]
	at jdk.internal.reflect.DelegatingMethodAccessorImpl.invoke(DelegatingMethodAccessorImpl.java:43) ~[?:?]
	at java.lang.reflect.Method.invoke(Method.java:568) ~[?:?]
	at net.fabricmc.loader.impl.game.minecraft.MinecraftGameProvider.launch(MinecraftGameProvider.java:608) [fabric-loader-0.12.12.jar:?]
	at net.fabricmc.loader.impl.launch.knot.Knot.launch(Knot.java:77) [fabric-loader-0.12.12.jar:?]
	at net.fabricmc.loader.impl.launch.knot.KnotClient.main(KnotClient.java:23) [fabric-loader-0.12.12.jar:?]
	at net.fabricmc.devlaunchinjector.Main.main(Main.java:86) [dev-launch-injector-0.2.1+build.8.jar:?]
[17:26:38] [Server thread/INFO] (Minecraft) Starting integrated minecraft server version 1.8.9
[17:26:38] [Server thread/INFO] (Minecraft) Generating keypair
[17:26:38] [Server thread/INFO] (Minecraft) Converting map!
[17:26:38] [Server thread/INFO] (Minecraft) Scanning folders...
[17:26:38] [Server thread/INFO] (Minecraft) Total conversion count is 0
[17:26:38] [Server thread/INFO] (Minecraft) Preparing start region for level 0
[17:26:38] [main/INFO] (WorldPreview) Leaving world generation
[17:26:38] [main/INFO] (Minecraft) Stopping server
[17:26:38] [main/INFO] (Minecraft) Saving players
[17:26:38] [main/INFO] (Minecraft) Saving worlds
[17:26:38] [main/INFO] (Minecraft) Saving chunks for level 'New World'/Overworld
[17:26:38] [main/INFO] (Minecraft) Saving chunks for level 'New World'/Nether
[17:26:38] [main/INFO] (Minecraft) Saving chunks for level 'New World'/The End
[17:26:40] [main/ERROR] (Minecraft) Realms module missing
java.lang.NoSuchMethodException: com.mojang.realmsclient.gui.screens.RealmsNotificationsScreen.<init>(net.minecraft.realms.RealmsScreen)
	at java.lang.Class.getConstructor0(Class.java:3585) ~[?:?]
	at java.lang.Class.getDeclaredConstructor(Class.java:2754) ~[?:?]
	at net.minecraft.realms.RealmsBridge.getNotificationScreen(RealmsBridge.java:36) [minecraft-1.8.9-projectmapped-net.fabricmc.yarn-1.8.9+build.202201302314-v2.jar:?]
	at net.minecraft.client.gui.screen.TitleScreen.init(TitleScreen.java:174) [minecraft-1.8.9-projectmapped-net.fabricmc.yarn-1.8.9+build.202201302314-v2.jar:?]
	at net.minecraft.client.gui.screen.Screen.init(Screen.java:380) [minecraft-1.8.9-projectmapped-net.fabricmc.yarn-1.8.9+build.202201302314-v2.jar:?]
	at net.minecraft.client.MinecraftClient.openScreen(MinecraftClient.java:803) [minecraft-1.8.9-projectmapped-net.fabricmc.yarn-1.8.9+build.202201302314-v2.jar:?]
	at net.minecraft.client.gui.screen.world.CreateWorldScreen.buttonClicked(CreateWorldScreen.java:175) [minecraft-1.8.9-projectmapped-net.fabricmc.yarn-1.8.9+build.202201302314-v2.jar:?]
	at net.minecraft.client.gui.screen.Screen.mouseClicked(Screen.java:352) [minecraft-1.8.9-projectmapped-net.fabricmc.yarn-1.8.9+build.202201302314-v2.jar:?]
	at net.minecraft.client.gui.screen.world.CreateWorldScreen.mouseClicked(CreateWorldScreen.java:351) [minecraft-1.8.9-projectmapped-net.fabricmc.yarn-1.8.9+build.202201302314-v2.jar:?]
	at net.minecraft.client.gui.screen.Screen.handleMouse(Screen.java:417) [minecraft-1.8.9-projectmapped-net.fabricmc.yarn-1.8.9+build.202201302314-v2.jar:?]
	at net.minecraft.client.gui.screen.Screen.handleInput(Screen.java:394) [minecraft-1.8.9-projectmapped-net.fabricmc.yarn-1.8.9+build.202201302314-v2.jar:?]
	at net.minecraft.client.MinecraftClient.tick(MinecraftClient.java:1376) [minecraft-1.8.9-projectmapped-net.fabricmc.yarn-1.8.9+build.202201302314-v2.jar:?]
	at net.minecraft.client.MinecraftClient.runGameLoop(MinecraftClient.java:874) [minecraft-1.8.9-projectmapped-net.fabricmc.yarn-1.8.9+build.202201302314-v2.jar:?]
	at net.minecraft.client.MinecraftClient.run(MinecraftClient.java:336) [minecraft-1.8.9-projectmapped-net.fabricmc.yarn-1.8.9+build.202201302314-v2.jar:?]
	at net.minecraft.client.main.Main.main(Main.java:101) [minecraft-1.8.9-projectmapped-net.fabricmc.yarn-1.8.9+build.202201302314-v2.jar:?]
	at jdk.internal.reflect.NativeMethodAccessorImpl.invoke0(Native Method) ~[?:?]
	at jdk.internal.reflect.NativeMethodAccessorImpl.invoke(NativeMethodAccessorImpl.java:77) ~[?:?]
	at jdk.internal.reflect.DelegatingMethodAccessorImpl.invoke(DelegatingMethodAccessorImpl.java:43) ~[?:?]
	at java.lang.reflect.Method.invoke(Method.java:568) ~[?:?]
	at net.fabricmc.loader.impl.game.minecraft.MinecraftGameProvider.launch(MinecraftGameProvider.java:608) [fabric-loader-0.12.12.jar:?]
	at net.fabricmc.loader.impl.launch.knot.Knot.launch(Knot.java:77) [fabric-loader-0.12.12.jar:?]
	at net.fabricmc.loader.impl.launch.knot.KnotClient.main(KnotClient.java:23) [fabric-loader-0.12.12.jar:?]
	at net.fabricmc.devlaunchinjector.Main.main(Main.java:86) [dev-launch-injector-0.2.1+build.8.jar:?]
[17:26:40] [Server thread/INFO] (Minecraft) Starting integrated minecraft server version 1.8.9
[17:26:40] [Server thread/INFO] (Minecraft) Generating keypair
[17:26:40] [Server thread/INFO] (Minecraft) Converting map!
[17:26:40] [Server thread/INFO] (Minecraft) Scanning folders...
[17:26:40] [Server thread/INFO] (Minecraft) Total conversion count is 0
[17:26:40] [Server thread/INFO] (Minecraft) Preparing start region for level 0
[17:26:40] [main/INFO] (WorldPreview) Leaving world generation
[17:26:40] [main/INFO] (Minecraft) Stopping server
[17:26:40] [main/INFO] (Minecraft) Saving players
[17:26:40] [main/INFO] (Minecraft) Saving worlds
[17:26:40] [main/INFO] (Minecraft) Saving chunks for level 'New World'/Overworld
[17:26:40] [main/INFO] (Minecraft) Saving chunks for level 'New World'/Nether
[17:26:40] [main/INFO] (Minecraft) Saving chunks for level 'New World'/The End
[17:26:41] [main/ERROR] (Minecraft) Realms module missing
java.lang.NoSuchMethodException: com.mojang.realmsclient.gui.screens.RealmsNotificationsScreen.<init>(net.minecraft.realms.RealmsScreen)
	at java.lang.Class.getConstructor0(Class.java:3585) ~[?:?]
	at java.lang.Class.getDeclaredConstructor(Class.java:2754) ~[?:?]
	at net.minecraft.realms.RealmsBridge.getNotificationScreen(RealmsBridge.java:36) [minecraft-1.8.9-projectmapped-net.fabricmc.yarn-1.8.9+build.202201302314-v2.jar:?]
	at net.minecraft.client.gui.screen.TitleScreen.init(TitleScreen.java:174) [minecraft-1.8.9-projectmapped-net.fabricmc.yarn-1.8.9+build.202201302314-v2.jar:?]
	at net.minecraft.client.gui.screen.Screen.init(Screen.java:380) [minecraft-1.8.9-projectmapped-net.fabricmc.yarn-1.8.9+build.202201302314-v2.jar:?]
	at net.minecraft.client.MinecraftClient.openScreen(MinecraftClient.java:803) [minecraft-1.8.9-projectmapped-net.fabricmc.yarn-1.8.9+build.202201302314-v2.jar:?]
	at net.minecraft.client.gui.screen.world.CreateWorldScreen.buttonClicked(CreateWorldScreen.java:175) [minecraft-1.8.9-projectmapped-net.fabricmc.yarn-1.8.9+build.202201302314-v2.jar:?]
	at net.minecraft.client.gui.screen.Screen.mouseClicked(Screen.java:352) [minecraft-1.8.9-projectmapped-net.fabricmc.yarn-1.8.9+build.202201302314-v2.jar:?]
	at net.minecraft.client.gui.screen.world.CreateWorldScreen.mouseClicked(CreateWorldScreen.java:351) [minecraft-1.8.9-projectmapped-net.fabricmc.yarn-1.8.9+build.202201302314-v2.jar:?]
	at net.minecraft.client.gui.screen.Screen.handleMouse(Screen.java:417) [minecraft-1.8.9-projectmapped-net.fabricmc.yarn-1.8.9+build.202201302314-v2.jar:?]
	at net.minecraft.client.gui.screen.Screen.handleInput(Screen.java:394) [minecraft-1.8.9-projectmapped-net.fabricmc.yarn-1.8.9+build.202201302314-v2.jar:?]
	at net.minecraft.client.MinecraftClient.tick(MinecraftClient.java:1376) [minecraft-1.8.9-projectmapped-net.fabricmc.yarn-1.8.9+build.202201302314-v2.jar:?]
	at net.minecraft.client.MinecraftClient.runGameLoop(MinecraftClient.java:874) [minecraft-1.8.9-projectmapped-net.fabricmc.yarn-1.8.9+build.202201302314-v2.jar:?]
	at net.minecraft.client.MinecraftClient.run(MinecraftClient.java:336) [minecraft-1.8.9-projectmapped-net.fabricmc.yarn-1.8.9+build.202201302314-v2.jar:?]
	at net.minecraft.client.main.Main.main(Main.java:101) [minecraft-1.8.9-projectmapped-net.fabricmc.yarn-1.8.9+build.202201302314-v2.jar:?]
	at jdk.internal.reflect.NativeMethodAccessorImpl.invoke0(Native Method) ~[?:?]
	at jdk.internal.reflect.NativeMethodAccessorImpl.invoke(NativeMethodAccessorImpl.java:77) ~[?:?]
	at jdk.internal.reflect.DelegatingMethodAccessorImpl.invoke(DelegatingMethodAccessorImpl.java:43) ~[?:?]
	at java.lang.reflect.Method.invoke(Method.java:568) ~[?:?]
	at net.fabricmc.loader.impl.game.minecraft.MinecraftGameProvider.launch(MinecraftGameProvider.java:608) [fabric-loader-0.12.12.jar:?]
	at net.fabricmc.loader.impl.launch.knot.Knot.launch(Knot.java:77) [fabric-loader-0.12.12.jar:?]
	at net.fabricmc.loader.impl.launch.knot.KnotClient.main(KnotClient.java:23) [fabric-loader-0.12.12.jar:?]
	at net.fabricmc.devlaunchinjector.Main.main(Main.java:86) [dev-launch-injector-0.2.1+build.8.jar:?]
[17:26:41] [Server thread/INFO] (Minecraft) Starting integrated minecraft server version 1.8.9
[17:26:41] [Server thread/INFO] (Minecraft) Generating keypair
[17:26:41] [Server thread/INFO] (Minecraft) Converting map!
[17:26:41] [Server thread/INFO] (Minecraft) Scanning folders...
[17:26:41] [Server thread/INFO] (Minecraft) Total conversion count is 0
[17:26:41] [Server thread/INFO] (Minecraft) Preparing start region for level 0
[17:26:41] [main/INFO] (WorldPreview) Leaving world generation
[17:26:41] [main/INFO] (Minecraft) Stopping server
[17:26:41] [main/INFO] (Minecraft) Saving players
[17:26:41] [main/INFO] (Minecraft) Saving worlds
[17:26:41] [main/INFO] (Minecraft) Saving chunks for level 'New World'/Overworld
[17:26:41] [main/INFO] (Minecraft) Saving chunks for level 'New World'/Nether
[17:26:41] [main/INFO] (Minecraft) Saving chunks for level 'New World'/The End
[17:26:42] [main/ERROR] (Minecraft) Realms module missing
java.lang.NoSuchMethodException: com.mojang.realmsclient.gui.screens.RealmsNotificationsScreen.<init>(net.minecraft.realms.RealmsScreen)
	at java.lang.Class.getConstructor0(Class.java:3585) ~[?:?]
	at java.lang.Class.getDeclaredConstructor(Class.java:2754) ~[?:?]
	at net.minecraft.realms.RealmsBridge.getNotificationScreen(RealmsBridge.java:36) [minecraft-1.8.9-projectmapped-net.fabricmc.yarn-1.8.9+build.202201302314-v2.jar:?]
	at net.minecraft.client.gui.screen.TitleScreen.init(TitleScreen.java:174) [minecraft-1.8.9-projectmapped-net.fabricmc.yarn-1.8.9+build.202201302314-v2.jar:?]
	at net.minecraft.client.gui.screen.Screen.init(Screen.java:380) [minecraft-1.8.9-projectmapped-net.fabricmc.yarn-1.8.9+build.202201302314-v2.jar:?]
	at net.minecraft.client.MinecraftClient.openScreen(MinecraftClient.java:803) [minecraft-1.8.9-projectmapped-net.fabricmc.yarn-1.8.9+build.202201302314-v2.jar:?]
	at net.minecraft.client.gui.screen.world.CreateWorldScreen.buttonClicked(CreateWorldScreen.java:175) [minecraft-1.8.9-projectmapped-net.fabricmc.yarn-1.8.9+build.202201302314-v2.jar:?]
	at net.minecraft.client.gui.screen.Screen.mouseClicked(Screen.java:352) [minecraft-1.8.9-projectmapped-net.fabricmc.yarn-1.8.9+build.202201302314-v2.jar:?]
	at net.minecraft.client.gui.screen.world.CreateWorldScreen.mouseClicked(CreateWorldScreen.java:351) [minecraft-1.8.9-projectmapped-net.fabricmc.yarn-1.8.9+build.202201302314-v2.jar:?]
	at net.minecraft.client.gui.screen.Screen.handleMouse(Screen.java:417) [minecraft-1.8.9-projectmapped-net.fabricmc.yarn-1.8.9+build.202201302314-v2.jar:?]
	at net.minecraft.client.gui.screen.Screen.handleInput(Screen.java:394) [minecraft-1.8.9-projectmapped-net.fabricmc.yarn-1.8.9+build.202201302314-v2.jar:?]
	at net.minecraft.client.MinecraftClient.tick(MinecraftClient.java:1376) [minecraft-1.8.9-projectmapped-net.fabricmc.yarn-1.8.9+build.202201302314-v2.jar:?]
	at net.minecraft.client.MinecraftClient.runGameLoop(MinecraftClient.java:874) [minecraft-1.8.9-projectmapped-net.fabricmc.yarn-1.8.9+build.202201302314-v2.jar:?]
	at net.minecraft.client.MinecraftClient.run(MinecraftClient.java:336) [minecraft-1.8.9-projectmapped-net.fabricmc.yarn-1.8.9+build.202201302314-v2.jar:?]
	at net.minecraft.client.main.Main.main(Main.java:101) [minecraft-1.8.9-projectmapped-net.fabricmc.yarn-1.8.9+build.202201302314-v2.jar:?]
	at jdk.internal.reflect.NativeMethodAccessorImpl.invoke0(Native Method) ~[?:?]
	at jdk.internal.reflect.NativeMethodAccessorImpl.invoke(NativeMethodAccessorImpl.java:77) ~[?:?]
	at jdk.internal.reflect.DelegatingMethodAccessorImpl.invoke(DelegatingMethodAccessorImpl.java:43) ~[?:?]
	at java.lang.reflect.Method.invoke(Method.java:568) ~[?:?]
	at net.fabricmc.loader.impl.game.minecraft.MinecraftGameProvider.launch(MinecraftGameProvider.java:608) [fabric-loader-0.12.12.jar:?]
	at net.fabricmc.loader.impl.launch.knot.Knot.launch(Knot.java:77) [fabric-loader-0.12.12.jar:?]
	at net.fabricmc.loader.impl.launch.knot.KnotClient.main(KnotClient.java:23) [fabric-loader-0.12.12.jar:?]
	at net.fabricmc.devlaunchinjector.Main.main(Main.java:86) [dev-launch-injector-0.2.1+build.8.jar:?]
[17:26:43] [Server thread/INFO] (Minecraft) Starting integrated minecraft server version 1.8.9
[17:26:43] [Server thread/INFO] (Minecraft) Generating keypair
[17:26:43] [Server thread/INFO] (Minecraft) Converting map!
[17:26:43] [Server thread/INFO] (Minecraft) Scanning folders...
[17:26:43] [Server thread/INFO] (Minecraft) Total conversion count is 0
[17:26:43] [Server thread/INFO] (Minecraft) Preparing start region for level 0
[17:26:43] [main/INFO] (WorldPreview) Leaving world generation
[17:26:43] [main/INFO] (Minecraft) Stopping server
[17:26:43] [main/INFO] (Minecraft) Saving players
[17:26:43] [main/INFO] (Minecraft) Saving worlds
[17:26:43] [main/INFO] (Minecraft) Saving chunks for level 'New World'/Overworld
[17:26:43] [main/INFO] (Minecraft) Saving chunks for level 'New World'/Nether
[17:26:43] [main/INFO] (Minecraft) Saving chunks for level 'New World'/The End
[17:26:44] [main/ERROR] (Minecraft) Realms module missing
java.lang.NoSuchMethodException: com.mojang.realmsclient.gui.screens.RealmsNotificationsScreen.<init>(net.minecraft.realms.RealmsScreen)
	at java.lang.Class.getConstructor0(Class.java:3585) ~[?:?]
	at java.lang.Class.getDeclaredConstructor(Class.java:2754) ~[?:?]
	at net.minecraft.realms.RealmsBridge.getNotificationScreen(RealmsBridge.java:36) [minecraft-1.8.9-projectmapped-net.fabricmc.yarn-1.8.9+build.202201302314-v2.jar:?]
	at net.minecraft.client.gui.screen.TitleScreen.init(TitleScreen.java:174) [minecraft-1.8.9-projectmapped-net.fabricmc.yarn-1.8.9+build.202201302314-v2.jar:?]
	at net.minecraft.client.gui.screen.Screen.init(Screen.java:380) [minecraft-1.8.9-projectmapped-net.fabricmc.yarn-1.8.9+build.202201302314-v2.jar:?]
	at net.minecraft.client.MinecraftClient.openScreen(MinecraftClient.java:803) [minecraft-1.8.9-projectmapped-net.fabricmc.yarn-1.8.9+build.202201302314-v2.jar:?]
	at net.minecraft.client.gui.screen.world.CreateWorldScreen.buttonClicked(CreateWorldScreen.java:175) [minecraft-1.8.9-projectmapped-net.fabricmc.yarn-1.8.9+build.202201302314-v2.jar:?]
	at net.minecraft.client.gui.screen.Screen.mouseClicked(Screen.java:352) [minecraft-1.8.9-projectmapped-net.fabricmc.yarn-1.8.9+build.202201302314-v2.jar:?]
	at net.minecraft.client.gui.screen.world.CreateWorldScreen.mouseClicked(CreateWorldScreen.java:351) [minecraft-1.8.9-projectmapped-net.fabricmc.yarn-1.8.9+build.202201302314-v2.jar:?]
	at net.minecraft.client.gui.screen.Screen.handleMouse(Screen.java:417) [minecraft-1.8.9-projectmapped-net.fabricmc.yarn-1.8.9+build.202201302314-v2.jar:?]
	at net.minecraft.client.gui.screen.Screen.handleInput(Screen.java:394) [minecraft-1.8.9-projectmapped-net.fabricmc.yarn-1.8.9+build.202201302314-v2.jar:?]
	at net.minecraft.client.MinecraftClient.tick(MinecraftClient.java:1376) [minecraft-1.8.9-projectmapped-net.fabricmc.yarn-1.8.9+build.202201302314-v2.jar:?]
	at net.minecraft.client.MinecraftClient.runGameLoop(MinecraftClient.java:874) [minecraft-1.8.9-projectmapped-net.fabricmc.yarn-1.8.9+build.202201302314-v2.jar:?]
	at net.minecraft.client.MinecraftClient.run(MinecraftClient.java:336) [minecraft-1.8.9-projectmapped-net.fabricmc.yarn-1.8.9+build.202201302314-v2.jar:?]
	at net.minecraft.client.main.Main.main(Main.java:101) [minecraft-1.8.9-projectmapped-net.fabricmc.yarn-1.8.9+build.202201302314-v2.jar:?]
	at jdk.internal.reflect.NativeMethodAccessorImpl.invoke0(Native Method) ~[?:?]
	at jdk.internal.reflect.NativeMethodAccessorImpl.invoke(NativeMethodAccessorImpl.java:77) ~[?:?]
	at jdk.internal.reflect.DelegatingMethodAccessorImpl.invoke(DelegatingMethodAccessorImpl.java:43) ~[?:?]
	at java.lang.reflect.Method.invoke(Method.java:568) ~[?:?]
	at net.fabricmc.loader.impl.game.minecraft.MinecraftGameProvider.launch(MinecraftGameProvider.java:608) [fabric-loader-0.12.12.jar:?]
	at net.fabricmc.loader.impl.launch.knot.Knot.launch(Knot.java:77) [fabric-loader-0.12.12.jar:?]
	at net.fabricmc.loader.impl.launch.knot.KnotClient.main(KnotClient.java:23) [fabric-loader-0.12.12.jar:?]
	at net.fabricmc.devlaunchinjector.Main.main(Main.java:86) [dev-launch-injector-0.2.1+build.8.jar:?]
[17:26:44] [Server thread/INFO] (Minecraft) Starting integrated minecraft server version 1.8.9
[17:26:44] [Server thread/INFO] (Minecraft) Generating keypair
[17:26:44] [Server thread/INFO] (Minecraft) Converting map!
[17:26:44] [Server thread/INFO] (Minecraft) Scanning folders...
[17:26:44] [Server thread/INFO] (Minecraft) Total conversion count is 0
[17:26:44] [Server thread/INFO] (Minecraft) Preparing start region for level 0
[17:26:44] [main/INFO] (WorldPreview) Leaving world generation
[17:26:44] [main/INFO] (Minecraft) Stopping server
[17:26:44] [main/INFO] (Minecraft) Saving players
[17:26:44] [main/INFO] (Minecraft) Saving worlds
[17:26:44] [main/INFO] (Minecraft) Saving chunks for level 'New World'/Overworld
[17:26:44] [main/INFO] (Minecraft) Saving chunks for level 'New World'/Nether
[17:26:44] [main/INFO] (Minecraft) Saving chunks for level 'New World'/The End
[17:26:45] [main/ERROR] (Minecraft) Realms module missing
java.lang.NoSuchMethodException: com.mojang.realmsclient.gui.screens.RealmsNotificationsScreen.<init>(net.minecraft.realms.RealmsScreen)
	at java.lang.Class.getConstructor0(Class.java:3585) ~[?:?]
	at java.lang.Class.getDeclaredConstructor(Class.java:2754) ~[?:?]
	at net.minecraft.realms.RealmsBridge.getNotificationScreen(RealmsBridge.java:36) [minecraft-1.8.9-projectmapped-net.fabricmc.yarn-1.8.9+build.202201302314-v2.jar:?]
	at net.minecraft.client.gui.screen.TitleScreen.init(TitleScreen.java:174) [minecraft-1.8.9-projectmapped-net.fabricmc.yarn-1.8.9+build.202201302314-v2.jar:?]
	at net.minecraft.client.gui.screen.Screen.init(Screen.java:380) [minecraft-1.8.9-projectmapped-net.fabricmc.yarn-1.8.9+build.202201302314-v2.jar:?]
	at net.minecraft.client.MinecraftClient.openScreen(MinecraftClient.java:803) [minecraft-1.8.9-projectmapped-net.fabricmc.yarn-1.8.9+build.202201302314-v2.jar:?]
	at net.minecraft.client.gui.screen.world.CreateWorldScreen.buttonClicked(CreateWorldScreen.java:175) [minecraft-1.8.9-projectmapped-net.fabricmc.yarn-1.8.9+build.202201302314-v2.jar:?]
	at net.minecraft.client.gui.screen.Screen.mouseClicked(Screen.java:352) [minecraft-1.8.9-projectmapped-net.fabricmc.yarn-1.8.9+build.202201302314-v2.jar:?]
	at net.minecraft.client.gui.screen.world.CreateWorldScreen.mouseClicked(CreateWorldScreen.java:351) [minecraft-1.8.9-projectmapped-net.fabricmc.yarn-1.8.9+build.202201302314-v2.jar:?]
	at net.minecraft.client.gui.screen.Screen.handleMouse(Screen.java:417) [minecraft-1.8.9-projectmapped-net.fabricmc.yarn-1.8.9+build.202201302314-v2.jar:?]
	at net.minecraft.client.gui.screen.Screen.handleInput(Screen.java:394) [minecraft-1.8.9-projectmapped-net.fabricmc.yarn-1.8.9+build.202201302314-v2.jar:?]
	at net.minecraft.client.MinecraftClient.tick(MinecraftClient.java:1376) [minecraft-1.8.9-projectmapped-net.fabricmc.yarn-1.8.9+build.202201302314-v2.jar:?]
	at net.minecraft.client.MinecraftClient.runGameLoop(MinecraftClient.java:874) [minecraft-1.8.9-projectmapped-net.fabricmc.yarn-1.8.9+build.202201302314-v2.jar:?]
	at net.minecraft.client.MinecraftClient.run(MinecraftClient.java:336) [minecraft-1.8.9-projectmapped-net.fabricmc.yarn-1.8.9+build.202201302314-v2.jar:?]
	at net.minecraft.client.main.Main.main(Main.java:101) [minecraft-1.8.9-projectmapped-net.fabricmc.yarn-1.8.9+build.202201302314-v2.jar:?]
	at jdk.internal.reflect.NativeMethodAccessorImpl.invoke0(Native Method) ~[?:?]
	at jdk.internal.reflect.NativeMethodAccessorImpl.invoke(NativeMethodAccessorImpl.java:77) ~[?:?]
	at jdk.internal.reflect.DelegatingMethodAccessorImpl.invoke(DelegatingMethodAccessorImpl.java:43) ~[?:?]
	at java.lang.reflect.Method.invoke(Method.java:568) ~[?:?]
	at net.fabricmc.loader.impl.game.minecraft.MinecraftGameProvider.launch(MinecraftGameProvider.java:608) [fabric-loader-0.12.12.jar:?]
	at net.fabricmc.loader.impl.launch.knot.Knot.launch(Knot.java:77) [fabric-loader-0.12.12.jar:?]
	at net.fabricmc.loader.impl.launch.knot.KnotClient.main(KnotClient.java:23) [fabric-loader-0.12.12.jar:?]
	at net.fabricmc.devlaunchinjector.Main.main(Main.java:86) [dev-launch-injector-0.2.1+build.8.jar:?]
[17:26:45] [Server thread/INFO] (Minecraft) Starting integrated minecraft server version 1.8.9
[17:26:45] [Server thread/INFO] (Minecraft) Generating keypair
[17:26:45] [Server thread/INFO] (Minecraft) Converting map!
[17:26:45] [Server thread/INFO] (Minecraft) Scanning folders...
[17:26:45] [Server thread/INFO] (Minecraft) Total conversion count is 0
[17:26:45] [Server thread/INFO] (Minecraft) Preparing start region for level 0
[17:26:45] [main/INFO] (WorldPreview) Leaving world generation
[17:26:45] [main/INFO] (Minecraft) Stopping server
[17:26:45] [main/INFO] (Minecraft) Saving players
[17:26:45] [main/INFO] (Minecraft) Saving worlds
[17:26:45] [main/INFO] (Minecraft) Saving chunks for level 'New World'/Overworld
[17:26:45] [main/INFO] (Minecraft) Saving chunks for level 'New World'/Nether
[17:26:45] [main/INFO] (Minecraft) Saving chunks for level 'New World'/The End
[17:26:46] [main/ERROR] (Minecraft) Realms module missing
java.lang.NoSuchMethodException: com.mojang.realmsclient.gui.screens.RealmsNotificationsScreen.<init>(net.minecraft.realms.RealmsScreen)
	at java.lang.Class.getConstructor0(Class.java:3585) ~[?:?]
	at java.lang.Class.getDeclaredConstructor(Class.java:2754) ~[?:?]
	at net.minecraft.realms.RealmsBridge.getNotificationScreen(RealmsBridge.java:36) [minecraft-1.8.9-projectmapped-net.fabricmc.yarn-1.8.9+build.202201302314-v2.jar:?]
	at net.minecraft.client.gui.screen.TitleScreen.init(TitleScreen.java:174) [minecraft-1.8.9-projectmapped-net.fabricmc.yarn-1.8.9+build.202201302314-v2.jar:?]
	at net.minecraft.client.gui.screen.Screen.init(Screen.java:380) [minecraft-1.8.9-projectmapped-net.fabricmc.yarn-1.8.9+build.202201302314-v2.jar:?]
	at net.minecraft.client.MinecraftClient.openScreen(MinecraftClient.java:803) [minecraft-1.8.9-projectmapped-net.fabricmc.yarn-1.8.9+build.202201302314-v2.jar:?]
	at net.minecraft.client.gui.screen.world.CreateWorldScreen.buttonClicked(CreateWorldScreen.java:175) [minecraft-1.8.9-projectmapped-net.fabricmc.yarn-1.8.9+build.202201302314-v2.jar:?]
	at net.minecraft.client.gui.screen.Screen.mouseClicked(Screen.java:352) [minecraft-1.8.9-projectmapped-net.fabricmc.yarn-1.8.9+build.202201302314-v2.jar:?]
	at net.minecraft.client.gui.screen.world.CreateWorldScreen.mouseClicked(CreateWorldScreen.java:351) [minecraft-1.8.9-projectmapped-net.fabricmc.yarn-1.8.9+build.202201302314-v2.jar:?]
	at net.minecraft.client.gui.screen.Screen.handleMouse(Screen.java:417) [minecraft-1.8.9-projectmapped-net.fabricmc.yarn-1.8.9+build.202201302314-v2.jar:?]
	at net.minecraft.client.gui.screen.Screen.handleInput(Screen.java:394) [minecraft-1.8.9-projectmapped-net.fabricmc.yarn-1.8.9+build.202201302314-v2.jar:?]
	at net.minecraft.client.MinecraftClient.tick(MinecraftClient.java:1376) [minecraft-1.8.9-projectmapped-net.fabricmc.yarn-1.8.9+build.202201302314-v2.jar:?]
	at net.minecraft.client.MinecraftClient.runGameLoop(MinecraftClient.java:874) [minecraft-1.8.9-projectmapped-net.fabricmc.yarn-1.8.9+build.202201302314-v2.jar:?]
	at net.minecraft.client.MinecraftClient.run(MinecraftClient.java:336) [minecraft-1.8.9-projectmapped-net.fabricmc.yarn-1.8.9+build.202201302314-v2.jar:?]
	at net.minecraft.client.main.Main.main(Main.java:101) [minecraft-1.8.9-projectmapped-net.fabricmc.yarn-1.8.9+build.202201302314-v2.jar:?]
	at jdk.internal.reflect.NativeMethodAccessorImpl.invoke0(Native Method) ~[?:?]
	at jdk.internal.reflect.NativeMethodAccessorImpl.invoke(NativeMethodAccessorImpl.java:77) ~[?:?]
	at jdk.internal.reflect.DelegatingMethodAccessorImpl.invoke(DelegatingMethodAccessorImpl.java:43) ~[?:?]
	at java.lang.reflect.Method.invoke(Method.java:568) ~[?:?]
	at net.fabricmc.loader.impl.game.minecraft.MinecraftGameProvider.launch(MinecraftGameProvider.java:608) [fabric-loader-0.12.12.jar:?]
	at net.fabricmc.loader.impl.launch.knot.Knot.launch(Knot.java:77) [fabric-loader-0.12.12.jar:?]
	at net.fabricmc.loader.impl.launch.knot.KnotClient.main(KnotClient.java:23) [fabric-loader-0.12.12.jar:?]
	at net.fabricmc.devlaunchinjector.Main.main(Main.java:86) [dev-launch-injector-0.2.1+build.8.jar:?]
[17:26:46] [Server thread/INFO] (Minecraft) Starting integrated minecraft server version 1.8.9
[17:26:46] [Server thread/INFO] (Minecraft) Generating keypair
[17:26:47] [Server thread/INFO] (Minecraft) Converting map!
[17:26:47] [Server thread/INFO] (Minecraft) Scanning folders...
[17:26:47] [Server thread/INFO] (Minecraft) Total conversion count is 0
[17:26:47] [Server thread/INFO] (Minecraft) Preparing start region for level 0
[17:26:47] [main/INFO] (WorldPreview) Leaving world generation
[17:26:47] [main/INFO] (Minecraft) Stopping server
[17:26:47] [main/INFO] (Minecraft) Saving players
[17:26:47] [main/INFO] (Minecraft) Saving worlds
[17:26:47] [main/INFO] (Minecraft) Saving chunks for level 'New World'/Overworld
[17:26:47] [main/INFO] (Minecraft) Saving chunks for level 'New World'/Nether
[17:26:47] [main/INFO] (Minecraft) Saving chunks for level 'New World'/The End
[17:26:49] [main/ERROR] (Minecraft) Realms module missing
java.lang.NoSuchMethodException: com.mojang.realmsclient.gui.screens.RealmsNotificationsScreen.<init>(net.minecraft.realms.RealmsScreen)
	at java.lang.Class.getConstructor0(Class.java:3585) ~[?:?]
	at java.lang.Class.getDeclaredConstructor(Class.java:2754) ~[?:?]
	at net.minecraft.realms.RealmsBridge.getNotificationScreen(RealmsBridge.java:36) [minecraft-1.8.9-projectmapped-net.fabricmc.yarn-1.8.9+build.202201302314-v2.jar:?]
	at net.minecraft.client.gui.screen.TitleScreen.init(TitleScreen.java:174) [minecraft-1.8.9-projectmapped-net.fabricmc.yarn-1.8.9+build.202201302314-v2.jar:?]
	at net.minecraft.client.gui.screen.Screen.init(Screen.java:380) [minecraft-1.8.9-projectmapped-net.fabricmc.yarn-1.8.9+build.202201302314-v2.jar:?]
	at net.minecraft.client.MinecraftClient.openScreen(MinecraftClient.java:803) [minecraft-1.8.9-projectmapped-net.fabricmc.yarn-1.8.9+build.202201302314-v2.jar:?]
	at net.minecraft.client.gui.screen.world.CreateWorldScreen.buttonClicked(CreateWorldScreen.java:175) [minecraft-1.8.9-projectmapped-net.fabricmc.yarn-1.8.9+build.202201302314-v2.jar:?]
	at net.minecraft.client.gui.screen.Screen.mouseClicked(Screen.java:352) [minecraft-1.8.9-projectmapped-net.fabricmc.yarn-1.8.9+build.202201302314-v2.jar:?]
	at net.minecraft.client.gui.screen.world.CreateWorldScreen.mouseClicked(CreateWorldScreen.java:351) [minecraft-1.8.9-projectmapped-net.fabricmc.yarn-1.8.9+build.202201302314-v2.jar:?]
	at net.minecraft.client.gui.screen.Screen.handleMouse(Screen.java:417) [minecraft-1.8.9-projectmapped-net.fabricmc.yarn-1.8.9+build.202201302314-v2.jar:?]
	at net.minecraft.client.gui.screen.Screen.handleInput(Screen.java:394) [minecraft-1.8.9-projectmapped-net.fabricmc.yarn-1.8.9+build.202201302314-v2.jar:?]
	at net.minecraft.client.MinecraftClient.tick(MinecraftClient.java:1376) [minecraft-1.8.9-projectmapped-net.fabricmc.yarn-1.8.9+build.202201302314-v2.jar:?]
	at net.minecraft.client.MinecraftClient.runGameLoop(MinecraftClient.java:874) [minecraft-1.8.9-projectmapped-net.fabricmc.yarn-1.8.9+build.202201302314-v2.jar:?]
	at net.minecraft.client.MinecraftClient.run(MinecraftClient.java:336) [minecraft-1.8.9-projectmapped-net.fabricmc.yarn-1.8.9+build.202201302314-v2.jar:?]
	at net.minecraft.client.main.Main.main(Main.java:101) [minecraft-1.8.9-projectmapped-net.fabricmc.yarn-1.8.9+build.202201302314-v2.jar:?]
	at jdk.internal.reflect.NativeMethodAccessorImpl.invoke0(Native Method) ~[?:?]
	at jdk.internal.reflect.NativeMethodAccessorImpl.invoke(NativeMethodAccessorImpl.java:77) ~[?:?]
	at jdk.internal.reflect.DelegatingMethodAccessorImpl.invoke(DelegatingMethodAccessorImpl.java:43) ~[?:?]
	at java.lang.reflect.Method.invoke(Method.java:568) ~[?:?]
	at net.fabricmc.loader.impl.game.minecraft.MinecraftGameProvider.launch(MinecraftGameProvider.java:608) [fabric-loader-0.12.12.jar:?]
	at net.fabricmc.loader.impl.launch.knot.Knot.launch(Knot.java:77) [fabric-loader-0.12.12.jar:?]
	at net.fabricmc.loader.impl.launch.knot.KnotClient.main(KnotClient.java:23) [fabric-loader-0.12.12.jar:?]
	at net.fabricmc.devlaunchinjector.Main.main(Main.java:86) [dev-launch-injector-0.2.1+build.8.jar:?]
[17:26:49] [Server thread/INFO] (Minecraft) Starting integrated minecraft server version 1.8.9
[17:26:49] [Server thread/INFO] (Minecraft) Generating keypair
[17:26:49] [Server thread/INFO] (Minecraft) Converting map!
[17:26:49] [Server thread/INFO] (Minecraft) Scanning folders...
[17:26:49] [Server thread/INFO] (Minecraft) Total conversion count is 0
[17:26:49] [Server thread/INFO] (Minecraft) Preparing start region for level 0
[17:26:49] [main/INFO] (WorldPreview) Leaving world generation
[17:26:49] [main/INFO] (Minecraft) Stopping server
[17:26:49] [main/INFO] (Minecraft) Saving players
[17:26:49] [main/INFO] (Minecraft) Saving worlds
[17:26:49] [main/INFO] (Minecraft) Saving chunks for level 'New World'/Overworld
[17:26:49] [main/INFO] (Minecraft) Saving chunks for level 'New World'/Nether
[17:26:49] [main/INFO] (Minecraft) Saving chunks for level 'New World'/The End
[17:26:50] [main/ERROR] (Minecraft) Realms module missing
java.lang.NoSuchMethodException: com.mojang.realmsclient.gui.screens.RealmsNotificationsScreen.<init>(net.minecraft.realms.RealmsScreen)
	at java.lang.Class.getConstructor0(Class.java:3585) ~[?:?]
	at java.lang.Class.getDeclaredConstructor(Class.java:2754) ~[?:?]
	at net.minecraft.realms.RealmsBridge.getNotificationScreen(RealmsBridge.java:36) [minecraft-1.8.9-projectmapped-net.fabricmc.yarn-1.8.9+build.202201302314-v2.jar:?]
	at net.minecraft.client.gui.screen.TitleScreen.init(TitleScreen.java:174) [minecraft-1.8.9-projectmapped-net.fabricmc.yarn-1.8.9+build.202201302314-v2.jar:?]
	at net.minecraft.client.gui.screen.Screen.init(Screen.java:380) [minecraft-1.8.9-projectmapped-net.fabricmc.yarn-1.8.9+build.202201302314-v2.jar:?]
	at net.minecraft.client.MinecraftClient.openScreen(MinecraftClient.java:803) [minecraft-1.8.9-projectmapped-net.fabricmc.yarn-1.8.9+build.202201302314-v2.jar:?]
	at net.minecraft.client.gui.screen.world.CreateWorldScreen.buttonClicked(CreateWorldScreen.java:175) [minecraft-1.8.9-projectmapped-net.fabricmc.yarn-1.8.9+build.202201302314-v2.jar:?]
	at net.minecraft.client.gui.screen.Screen.mouseClicked(Screen.java:352) [minecraft-1.8.9-projectmapped-net.fabricmc.yarn-1.8.9+build.202201302314-v2.jar:?]
	at net.minecraft.client.gui.screen.world.CreateWorldScreen.mouseClicked(CreateWorldScreen.java:351) [minecraft-1.8.9-projectmapped-net.fabricmc.yarn-1.8.9+build.202201302314-v2.jar:?]
	at net.minecraft.client.gui.screen.Screen.handleMouse(Screen.java:417) [minecraft-1.8.9-projectmapped-net.fabricmc.yarn-1.8.9+build.202201302314-v2.jar:?]
	at net.minecraft.client.gui.screen.Screen.handleInput(Screen.java:394) [minecraft-1.8.9-projectmapped-net.fabricmc.yarn-1.8.9+build.202201302314-v2.jar:?]
	at net.minecraft.client.MinecraftClient.tick(MinecraftClient.java:1376) [minecraft-1.8.9-projectmapped-net.fabricmc.yarn-1.8.9+build.202201302314-v2.jar:?]
	at net.minecraft.client.MinecraftClient.runGameLoop(MinecraftClient.java:874) [minecraft-1.8.9-projectmapped-net.fabricmc.yarn-1.8.9+build.202201302314-v2.jar:?]
	at net.minecraft.client.MinecraftClient.run(MinecraftClient.java:336) [minecraft-1.8.9-projectmapped-net.fabricmc.yarn-1.8.9+build.202201302314-v2.jar:?]
	at net.minecraft.client.main.Main.main(Main.java:101) [minecraft-1.8.9-projectmapped-net.fabricmc.yarn-1.8.9+build.202201302314-v2.jar:?]
	at jdk.internal.reflect.NativeMethodAccessorImpl.invoke0(Native Method) ~[?:?]
	at jdk.internal.reflect.NativeMethodAccessorImpl.invoke(NativeMethodAccessorImpl.java:77) ~[?:?]
	at jdk.internal.reflect.DelegatingMethodAccessorImpl.invoke(DelegatingMethodAccessorImpl.java:43) ~[?:?]
	at java.lang.reflect.Method.invoke(Method.java:568) ~[?:?]
	at net.fabricmc.loader.impl.game.minecraft.MinecraftGameProvider.launch(MinecraftGameProvider.java:608) [fabric-loader-0.12.12.jar:?]
	at net.fabricmc.loader.impl.launch.knot.Knot.launch(Knot.java:77) [fabric-loader-0.12.12.jar:?]
	at net.fabricmc.loader.impl.launch.knot.KnotClient.main(KnotClient.java:23) [fabric-loader-0.12.12.jar:?]
	at net.fabricmc.devlaunchinjector.Main.main(Main.java:86) [dev-launch-injector-0.2.1+build.8.jar:?]
[17:26:51] [Server thread/INFO] (Minecraft) Starting integrated minecraft server version 1.8.9
[17:26:51] [Server thread/INFO] (Minecraft) Generating keypair
[17:26:51] [Server thread/INFO] (Minecraft) Converting map!
[17:26:51] [Server thread/INFO] (Minecraft) Scanning folders...
[17:26:51] [Server thread/INFO] (Minecraft) Total conversion count is 0
[17:26:51] [Server thread/INFO] (Minecraft) Preparing start region for level 0
[17:26:51] [main/INFO] (WorldPreview) Leaving world generation
[17:26:51] [main/INFO] (Minecraft) Stopping server
[17:26:51] [main/INFO] (Minecraft) Saving players
[17:26:51] [main/INFO] (Minecraft) Saving worlds
[17:26:51] [main/INFO] (Minecraft) Saving chunks for level 'New World'/Overworld
[17:26:51] [main/INFO] (Minecraft) Saving chunks for level 'New World'/Nether
[17:26:51] [main/INFO] (Minecraft) Saving chunks for level 'New World'/The End
[17:26:52] [main/ERROR] (Minecraft) Realms module missing
java.lang.NoSuchMethodException: com.mojang.realmsclient.gui.screens.RealmsNotificationsScreen.<init>(net.minecraft.realms.RealmsScreen)
	at java.lang.Class.getConstructor0(Class.java:3585) ~[?:?]
	at java.lang.Class.getDeclaredConstructor(Class.java:2754) ~[?:?]
	at net.minecraft.realms.RealmsBridge.getNotificationScreen(RealmsBridge.java:36) [minecraft-1.8.9-projectmapped-net.fabricmc.yarn-1.8.9+build.202201302314-v2.jar:?]
	at net.minecraft.client.gui.screen.TitleScreen.init(TitleScreen.java:174) [minecraft-1.8.9-projectmapped-net.fabricmc.yarn-1.8.9+build.202201302314-v2.jar:?]
	at net.minecraft.client.gui.screen.Screen.init(Screen.java:380) [minecraft-1.8.9-projectmapped-net.fabricmc.yarn-1.8.9+build.202201302314-v2.jar:?]
	at net.minecraft.client.MinecraftClient.openScreen(MinecraftClient.java:803) [minecraft-1.8.9-projectmapped-net.fabricmc.yarn-1.8.9+build.202201302314-v2.jar:?]
	at net.minecraft.client.gui.screen.world.CreateWorldScreen.buttonClicked(CreateWorldScreen.java:175) [minecraft-1.8.9-projectmapped-net.fabricmc.yarn-1.8.9+build.202201302314-v2.jar:?]
	at net.minecraft.client.gui.screen.Screen.mouseClicked(Screen.java:352) [minecraft-1.8.9-projectmapped-net.fabricmc.yarn-1.8.9+build.202201302314-v2.jar:?]
	at net.minecraft.client.gui.screen.world.CreateWorldScreen.mouseClicked(CreateWorldScreen.java:351) [minecraft-1.8.9-projectmapped-net.fabricmc.yarn-1.8.9+build.202201302314-v2.jar:?]
	at net.minecraft.client.gui.screen.Screen.handleMouse(Screen.java:417) [minecraft-1.8.9-projectmapped-net.fabricmc.yarn-1.8.9+build.202201302314-v2.jar:?]
	at net.minecraft.client.gui.screen.Screen.handleInput(Screen.java:394) [minecraft-1.8.9-projectmapped-net.fabricmc.yarn-1.8.9+build.202201302314-v2.jar:?]
	at net.minecraft.client.MinecraftClient.tick(MinecraftClient.java:1376) [minecraft-1.8.9-projectmapped-net.fabricmc.yarn-1.8.9+build.202201302314-v2.jar:?]
	at net.minecraft.client.MinecraftClient.runGameLoop(MinecraftClient.java:874) [minecraft-1.8.9-projectmapped-net.fabricmc.yarn-1.8.9+build.202201302314-v2.jar:?]
	at net.minecraft.client.MinecraftClient.run(MinecraftClient.java:336) [minecraft-1.8.9-projectmapped-net.fabricmc.yarn-1.8.9+build.202201302314-v2.jar:?]
	at net.minecraft.client.main.Main.main(Main.java:101) [minecraft-1.8.9-projectmapped-net.fabricmc.yarn-1.8.9+build.202201302314-v2.jar:?]
	at jdk.internal.reflect.NativeMethodAccessorImpl.invoke0(Native Method) ~[?:?]
	at jdk.internal.reflect.NativeMethodAccessorImpl.invoke(NativeMethodAccessorImpl.java:77) ~[?:?]
	at jdk.internal.reflect.DelegatingMethodAccessorImpl.invoke(DelegatingMethodAccessorImpl.java:43) ~[?:?]
	at java.lang.reflect.Method.invoke(Method.java:568) ~[?:?]
	at net.fabricmc.loader.impl.game.minecraft.MinecraftGameProvider.launch(MinecraftGameProvider.java:608) [fabric-loader-0.12.12.jar:?]
	at net.fabricmc.loader.impl.launch.knot.Knot.launch(Knot.java:77) [fabric-loader-0.12.12.jar:?]
	at net.fabricmc.loader.impl.launch.knot.KnotClient.main(KnotClient.java:23) [fabric-loader-0.12.12.jar:?]
	at net.fabricmc.devlaunchinjector.Main.main(Main.java:86) [dev-launch-injector-0.2.1+build.8.jar:?]
[17:26:52] [Server thread/INFO] (Minecraft) Starting integrated minecraft server version 1.8.9
[17:26:52] [Server thread/INFO] (Minecraft) Generating keypair
[17:26:52] [Server thread/INFO] (Minecraft) Converting map!
[17:26:52] [Server thread/INFO] (Minecraft) Scanning folders...
[17:26:52] [Server thread/INFO] (Minecraft) Total conversion count is 0
[17:26:52] [Server thread/INFO] (Minecraft) Preparing start region for level 0
[17:26:52] [main/INFO] (WorldPreview) Leaving world generation
[17:26:52] [main/INFO] (Minecraft) Stopping server
[17:26:52] [main/INFO] (Minecraft) Saving players
[17:26:52] [main/INFO] (Minecraft) Saving worlds
[17:26:52] [main/INFO] (Minecraft) Saving chunks for level 'New World'/Overworld
[17:26:52] [main/INFO] (Minecraft) Saving chunks for level 'New World'/Nether
[17:26:52] [main/INFO] (Minecraft) Saving chunks for level 'New World'/The End
[17:26:53] [main/ERROR] (Minecraft) Realms module missing
java.lang.NoSuchMethodException: com.mojang.realmsclient.gui.screens.RealmsNotificationsScreen.<init>(net.minecraft.realms.RealmsScreen)
	at java.lang.Class.getConstructor0(Class.java:3585) ~[?:?]
	at java.lang.Class.getDeclaredConstructor(Class.java:2754) ~[?:?]
	at net.minecraft.realms.RealmsBridge.getNotificationScreen(RealmsBridge.java:36) [minecraft-1.8.9-projectmapped-net.fabricmc.yarn-1.8.9+build.202201302314-v2.jar:?]
	at net.minecraft.client.gui.screen.TitleScreen.init(TitleScreen.java:174) [minecraft-1.8.9-projectmapped-net.fabricmc.yarn-1.8.9+build.202201302314-v2.jar:?]
	at net.minecraft.client.gui.screen.Screen.init(Screen.java:380) [minecraft-1.8.9-projectmapped-net.fabricmc.yarn-1.8.9+build.202201302314-v2.jar:?]
	at net.minecraft.client.MinecraftClient.openScreen(MinecraftClient.java:803) [minecraft-1.8.9-projectmapped-net.fabricmc.yarn-1.8.9+build.202201302314-v2.jar:?]
	at net.minecraft.client.gui.screen.world.CreateWorldScreen.buttonClicked(CreateWorldScreen.java:175) [minecraft-1.8.9-projectmapped-net.fabricmc.yarn-1.8.9+build.202201302314-v2.jar:?]
	at net.minecraft.client.gui.screen.Screen.mouseClicked(Screen.java:352) [minecraft-1.8.9-projectmapped-net.fabricmc.yarn-1.8.9+build.202201302314-v2.jar:?]
	at net.minecraft.client.gui.screen.world.CreateWorldScreen.mouseClicked(CreateWorldScreen.java:351) [minecraft-1.8.9-projectmapped-net.fabricmc.yarn-1.8.9+build.202201302314-v2.jar:?]
	at net.minecraft.client.gui.screen.Screen.handleMouse(Screen.java:417) [minecraft-1.8.9-projectmapped-net.fabricmc.yarn-1.8.9+build.202201302314-v2.jar:?]
	at net.minecraft.client.gui.screen.Screen.handleInput(Screen.java:394) [minecraft-1.8.9-projectmapped-net.fabricmc.yarn-1.8.9+build.202201302314-v2.jar:?]
	at net.minecraft.client.MinecraftClient.tick(MinecraftClient.java:1376) [minecraft-1.8.9-projectmapped-net.fabricmc.yarn-1.8.9+build.202201302314-v2.jar:?]
	at net.minecraft.client.MinecraftClient.runGameLoop(MinecraftClient.java:874) [minecraft-1.8.9-projectmapped-net.fabricmc.yarn-1.8.9+build.202201302314-v2.jar:?]
	at net.minecraft.client.MinecraftClient.run(MinecraftClient.java:336) [minecraft-1.8.9-projectmapped-net.fabricmc.yarn-1.8.9+build.202201302314-v2.jar:?]
	at net.minecraft.client.main.Main.main(Main.java:101) [minecraft-1.8.9-projectmapped-net.fabricmc.yarn-1.8.9+build.202201302314-v2.jar:?]
	at jdk.internal.reflect.NativeMethodAccessorImpl.invoke0(Native Method) ~[?:?]
	at jdk.internal.reflect.NativeMethodAccessorImpl.invoke(NativeMethodAccessorImpl.java:77) ~[?:?]
	at jdk.internal.reflect.DelegatingMethodAccessorImpl.invoke(DelegatingMethodAccessorImpl.java:43) ~[?:?]
	at java.lang.reflect.Method.invoke(Method.java:568) ~[?:?]
	at net.fabricmc.loader.impl.game.minecraft.MinecraftGameProvider.launch(MinecraftGameProvider.java:608) [fabric-loader-0.12.12.jar:?]
	at net.fabricmc.loader.impl.launch.knot.Knot.launch(Knot.java:77) [fabric-loader-0.12.12.jar:?]
	at net.fabricmc.loader.impl.launch.knot.KnotClient.main(KnotClient.java:23) [fabric-loader-0.12.12.jar:?]
	at net.fabricmc.devlaunchinjector.Main.main(Main.java:86) [dev-launch-injector-0.2.1+build.8.jar:?]
[17:26:53] [Server thread/INFO] (Minecraft) Starting integrated minecraft server version 1.8.9
[17:26:53] [Server thread/INFO] (Minecraft) Generating keypair
[17:26:53] [Server thread/INFO] (Minecraft) Converting map!
[17:26:53] [Server thread/INFO] (Minecraft) Scanning folders...
[17:26:53] [Server thread/INFO] (Minecraft) Total conversion count is 0
[17:26:53] [Server thread/WARN] (Minecraft) Unable to find spawn biome
[17:26:53] [Server thread/INFO] (Minecraft) Preparing start region for level 0
[17:26:53] [main/INFO] (WorldPreview) Leaving world generation
[17:26:53] [main/INFO] (Minecraft) Stopping server
[17:26:53] [main/INFO] (Minecraft) Saving players
[17:26:53] [main/INFO] (Minecraft) Saving worlds
[17:26:53] [main/INFO] (Minecraft) Saving chunks for level 'New World'/Overworld
[17:26:53] [main/INFO] (Minecraft) Saving chunks for level 'New World'/Nether
[17:26:53] [main/INFO] (Minecraft) Saving chunks for level 'New World'/The End
[17:26:54] [main/ERROR] (Minecraft) Realms module missing
java.lang.NoSuchMethodException: com.mojang.realmsclient.gui.screens.RealmsNotificationsScreen.<init>(net.minecraft.realms.RealmsScreen)
	at java.lang.Class.getConstructor0(Class.java:3585) ~[?:?]
	at java.lang.Class.getDeclaredConstructor(Class.java:2754) ~[?:?]
	at net.minecraft.realms.RealmsBridge.getNotificationScreen(RealmsBridge.java:36) [minecraft-1.8.9-projectmapped-net.fabricmc.yarn-1.8.9+build.202201302314-v2.jar:?]
	at net.minecraft.client.gui.screen.TitleScreen.init(TitleScreen.java:174) [minecraft-1.8.9-projectmapped-net.fabricmc.yarn-1.8.9+build.202201302314-v2.jar:?]
	at net.minecraft.client.gui.screen.Screen.init(Screen.java:380) [minecraft-1.8.9-projectmapped-net.fabricmc.yarn-1.8.9+build.202201302314-v2.jar:?]
	at net.minecraft.client.MinecraftClient.openScreen(MinecraftClient.java:803) [minecraft-1.8.9-projectmapped-net.fabricmc.yarn-1.8.9+build.202201302314-v2.jar:?]
	at net.minecraft.client.gui.screen.world.CreateWorldScreen.buttonClicked(CreateWorldScreen.java:175) [minecraft-1.8.9-projectmapped-net.fabricmc.yarn-1.8.9+build.202201302314-v2.jar:?]
	at net.minecraft.client.gui.screen.Screen.mouseClicked(Screen.java:352) [minecraft-1.8.9-projectmapped-net.fabricmc.yarn-1.8.9+build.202201302314-v2.jar:?]
	at net.minecraft.client.gui.screen.world.CreateWorldScreen.mouseClicked(CreateWorldScreen.java:351) [minecraft-1.8.9-projectmapped-net.fabricmc.yarn-1.8.9+build.202201302314-v2.jar:?]
	at net.minecraft.client.gui.screen.Screen.handleMouse(Screen.java:417) [minecraft-1.8.9-projectmapped-net.fabricmc.yarn-1.8.9+build.202201302314-v2.jar:?]
	at net.minecraft.client.gui.screen.Screen.handleInput(Screen.java:394) [minecraft-1.8.9-projectmapped-net.fabricmc.yarn-1.8.9+build.202201302314-v2.jar:?]
	at net.minecraft.client.MinecraftClient.tick(MinecraftClient.java:1376) [minecraft-1.8.9-projectmapped-net.fabricmc.yarn-1.8.9+build.202201302314-v2.jar:?]
	at net.minecraft.client.MinecraftClient.runGameLoop(MinecraftClient.java:874) [minecraft-1.8.9-projectmapped-net.fabricmc.yarn-1.8.9+build.202201302314-v2.jar:?]
	at net.minecraft.client.MinecraftClient.run(MinecraftClient.java:336) [minecraft-1.8.9-projectmapped-net.fabricmc.yarn-1.8.9+build.202201302314-v2.jar:?]
	at net.minecraft.client.main.Main.main(Main.java:101) [minecraft-1.8.9-projectmapped-net.fabricmc.yarn-1.8.9+build.202201302314-v2.jar:?]
	at jdk.internal.reflect.NativeMethodAccessorImpl.invoke0(Native Method) ~[?:?]
	at jdk.internal.reflect.NativeMethodAccessorImpl.invoke(NativeMethodAccessorImpl.java:77) ~[?:?]
	at jdk.internal.reflect.DelegatingMethodAccessorImpl.invoke(DelegatingMethodAccessorImpl.java:43) ~[?:?]
	at java.lang.reflect.Method.invoke(Method.java:568) ~[?:?]
	at net.fabricmc.loader.impl.game.minecraft.MinecraftGameProvider.launch(MinecraftGameProvider.java:608) [fabric-loader-0.12.12.jar:?]
	at net.fabricmc.loader.impl.launch.knot.Knot.launch(Knot.java:77) [fabric-loader-0.12.12.jar:?]
	at net.fabricmc.loader.impl.launch.knot.KnotClient.main(KnotClient.java:23) [fabric-loader-0.12.12.jar:?]
	at net.fabricmc.devlaunchinjector.Main.main(Main.java:86) [dev-launch-injector-0.2.1+build.8.jar:?]
[17:26:54] [Server thread/INFO] (Minecraft) Starting integrated minecraft server version 1.8.9
[17:26:54] [Server thread/INFO] (Minecraft) Generating keypair
[17:26:54] [Server thread/INFO] (Minecraft) Converting map!
[17:26:54] [Server thread/INFO] (Minecraft) Scanning folders...
[17:26:54] [Server thread/INFO] (Minecraft) Total conversion count is 0
[17:26:54] [Server thread/INFO] (Minecraft) Preparing start region for level 0
[17:26:55] [main/INFO] (WorldPreview) Leaving world generation
[17:26:55] [main/INFO] (Minecraft) Stopping server
[17:26:55] [main/INFO] (Minecraft) Saving players
[17:26:55] [main/INFO] (Minecraft) Saving worlds
[17:26:55] [main/INFO] (Minecraft) Saving chunks for level 'New World'/Overworld
[17:26:55] [main/INFO] (Minecraft) Saving chunks for level 'New World'/Nether
[17:26:55] [main/INFO] (Minecraft) Saving chunks for level 'New World'/The End
[17:26:55] [main/INFO] (Minecraft) Stopping!
[17:26:55] [main/INFO] (Minecraft) SoundSystem shutting down...
[17:26:56] [main/WARN] (Minecraft) Author: Paul Lamb, www.paulscode.com
